<?xml version="1.0" encoding="UTF-8"?>
<!-- Generated by org.testng.reporters.JUnitXMLReporter -->
<testsuite ignored="0" hostname="LAPTOP-TVU4M0V2" failures="1" tests="1" name="ErrorVAlidation" time="4.039" errors="0" timestamp="2023-12-01T13:33:00 IST">
  <testcase classname="SeleniumWebDriver.Test.ErrorValidation" name="titleErrorVAlidation" time="4.027">
    <failure type="java.lang.AssertionError" message="expected [class2] but found [Let&amp;apos;s Shop]">
      <![CDATA[java.lang.AssertionError: expected [class2] but found [Let's Shop]
at SeleniumWebDriver.Test.ErrorValidation.titleErrorVAlidation(ErrorValidation.java:24)
at java.base/java.util.ArrayList.forEach(ArrayList.java:1511)
... Removed 33 stack frames]]>
    </failure>
  </testcase> <!-- titleErrorVAlidation -->
</testsuite> <!-- ErrorVAlidation -->
