<?xml version="1.0" encoding="UTF-8"?>
<!-- Generated by org.testng.reporters.JUnitXMLReporter -->
<testsuite ignored="0" hostname="LAPTOP-TVU4M0V2" failures="2" tests="3" name="Regression" time="79.112" errors="0" timestamp="2023-12-01T19:26:17 IST">
  <testcase classname="SeleniumWebDriver.Test.Standlone" name="SubmitOrder" time="6.538"/>
  <testcase classname="SeleniumWebDriver.Test.Standlone" name="TitleValidation" time="0.045">
    <failure type="java.lang.AssertionError" message="expected [abc] but found [Let&amp;apos;s Shop]">
      <![CDATA[java.lang.AssertionError: expected [abc] but found [Let's Shop]
at SeleniumWebDriver.Test.Standlone.TitleValidation(Standlone.java:63)
at java.base/java.util.ArrayList.forEach(ArrayList.java:1511)
at java.base/java.util.concurrent.FutureTask.run(FutureTask.java:264)
at java.base/java.util.concurrent.ThreadPoolExecutor.runWorker(ThreadPoolExecutor.java:1136)
at java.base/java.util.concurrent.ThreadPoolExecutor$Worker.run(ThreadPoolExecutor.java:635)
at java.base/java.lang.Thread.run(Thread.java:833)
... Removed 23 stack frames]]>
    </failure>
  </testcase> <!-- TitleValidation -->
  <testcase classname="SeleniumWebDriver.Test.ErrorValidation" name="titleErrorVAlidation" time="0.013">
    <failure type="java.lang.AssertionError" message="expected [class2] but found [Let&amp;apos;s Shop]">
      <![CDATA[java.lang.AssertionError: expected [class2] but found [Let's Shop]
at SeleniumWebDriver.Test.ErrorValidation.titleErrorVAlidation(ErrorValidation.java:26)
at java.base/java.util.ArrayList.forEach(ArrayList.java:1511)
at java.base/java.util.concurrent.FutureTask.run(FutureTask.java:264)
at java.base/java.util.concurrent.ThreadPoolExecutor.runWorker(ThreadPoolExecutor.java:1136)
at java.base/java.util.concurrent.ThreadPoolExecutor$Worker.run(ThreadPoolExecutor.java:635)
at java.base/java.lang.Thread.run(Thread.java:833)
... Removed 23 stack frames]]>
    </failure>
  </testcase> <!-- titleErrorVAlidation -->
</testsuite> <!-- Regression -->
