<?xml version="1.0" encoding="UTF-8"?>
<!-- Generated by org.testng.reporters.JUnitXMLReporter -->
<testsuite ignored="0" hostname="LAPTOP-TVU4M0V2" failures="1" tests="2" name="SubmitTest" time="13.459" errors="0" timestamp="2023-12-01T13:32:56 IST">
  <testcase classname="SeleniumWebDriver.Test.Standlone" name="SubmitOrder" time="10.757"/>
  <testcase classname="SeleniumWebDriver.Test.Standlone" name="TitleValidation" time="2.636">
    <failure type="java.lang.AssertionError" message="expected [abc] but found [Let&amp;apos;s Shop]">
      <![CDATA[java.lang.AssertionError: expected [abc] but found [Let's Shop]
at SeleniumWebDriver.Test.Standlone.TitleValidation(Standlone.java:61)
at java.base/java.util.ArrayList.forEach(ArrayList.java:1511)
... Removed 33 stack frames]]>
    </failure>
  </testcase> <!-- TitleValidation -->
</testsuite> <!-- SubmitTest -->
